
bitinit version Xilinx EDK 13.1 Build EDK_O.40d
Copyright (c) Xilinx Inc. 2002.

Parsing MHS File MB.mhs...

Overriding IP level properties ...
INFO:EDK - IPNAME: mpmc, INSTANCE:DDR2_SDRAM - tcl is overriding PARAMETER
   C_IODELAY_GRP value to DDR2_SDRAM -
   /DIST/it/sw/amd64/xilinx/13.1/ISE_DS/EDK/hw/XilinxProcessorIPLib/pcores/mpmc_
   v6_03_a/data/mpmc_v2_1_0.mpd line 170 
INFO:EDK - IPNAME: mpmc, INSTANCE:DDR2_SDRAM - tcl is overriding PARAMETER
   C_USE_MIG_V5_PHY value to 1 -
   /DIST/it/sw/amd64/xilinx/13.1/ISE_DS/EDK/hw/XilinxProcessorIPLib/pcores/mpmc_
   v6_03_a/data/mpmc_v2_1_0.mpd line 205 
INFO:EDK - IPNAME: mpmc, INSTANCE:DDR2_SDRAM - tcl is overriding PARAMETER
   C_MEM_PART_DATA_DEPTH value to 32 -
   /DIST/it/sw/amd64/xilinx/13.1/ISE_DS/EDK/hw/XilinxProcessorIPLib/pcores/mpmc_
   v6_03_a/data/mpmc_v2_1_0.mpd line 254 
INFO:EDK - IPNAME: mpmc, INSTANCE:DDR2_SDRAM - tcl is overriding PARAMETER
   C_MEM_PART_DATA_WIDTH value to 16 -
   /DIST/it/sw/amd64/xilinx/13.1/ISE_DS/EDK/hw/XilinxProcessorIPLib/pcores/mpmc_
   v6_03_a/data/mpmc_v2_1_0.mpd line 255 
INFO:EDK - IPNAME: mpmc, INSTANCE:DDR2_SDRAM - tcl is overriding PARAMETER
   C_MEM_PART_NUM_COL_BITS value to 10 -
   /DIST/it/sw/amd64/xilinx/13.1/ISE_DS/EDK/hw/XilinxProcessorIPLib/pcores/mpmc_
   v6_03_a/data/mpmc_v2_1_0.mpd line 258 
INFO:EDK - IPNAME: mpmc, INSTANCE:DDR2_SDRAM - tcl is overriding PARAMETER
   C_MEM_PART_TRAS value to 40000 -
   /DIST/it/sw/amd64/xilinx/13.1/ISE_DS/EDK/hw/XilinxProcessorIPLib/pcores/mpmc_
   v6_03_a/data/mpmc_v2_1_0.mpd line 259 
INFO:EDK - IPNAME: mpmc, INSTANCE:DDR2_SDRAM - tcl is overriding PARAMETER
   C_MEM_PART_TRASMAX value to 70000000 -
   /DIST/it/sw/amd64/xilinx/13.1/ISE_DS/EDK/hw/XilinxProcessorIPLib/pcores/mpmc_
   v6_03_a/data/mpmc_v2_1_0.mpd line 260 
INFO:EDK - IPNAME: mpmc, INSTANCE:DDR2_SDRAM - tcl is overriding PARAMETER
   C_MEM_PART_TRC value to 55000 -
   /DIST/it/sw/amd64/xilinx/13.1/ISE_DS/EDK/hw/XilinxProcessorIPLib/pcores/mpmc_
   v6_03_a/data/mpmc_v2_1_0.mpd line 261 
INFO:EDK - IPNAME: mpmc, INSTANCE:DDR2_SDRAM - tcl is overriding PARAMETER
   C_MEM_PART_TRCD value to 15000 -
   /DIST/it/sw/amd64/xilinx/13.1/ISE_DS/EDK/hw/XilinxProcessorIPLib/pcores/mpmc_
   v6_03_a/data/mpmc_v2_1_0.mpd line 262 
INFO:EDK - IPNAME: mpmc, INSTANCE:DDR2_SDRAM - tcl is overriding PARAMETER
   C_MEM_PART_TWR value to 15000 -
   /DIST/it/sw/amd64/xilinx/13.1/ISE_DS/EDK/hw/XilinxProcessorIPLib/pcores/mpmc_
   v6_03_a/data/mpmc_v2_1_0.mpd line 264 
INFO:EDK - IPNAME: mpmc, INSTANCE:DDR2_SDRAM - tcl is overriding PARAMETER
   C_MEM_PART_TRP value to 15000 -
   /DIST/it/sw/amd64/xilinx/13.1/ISE_DS/EDK/hw/XilinxProcessorIPLib/pcores/mpmc_
   v6_03_a/data/mpmc_v2_1_0.mpd line 265 
INFO:EDK - IPNAME: mpmc, INSTANCE:DDR2_SDRAM - tcl is overriding PARAMETER
   C_MEM_PART_TMRD value to 2 -
   /DIST/it/sw/amd64/xilinx/13.1/ISE_DS/EDK/hw/XilinxProcessorIPLib/pcores/mpmc_
   v6_03_a/data/mpmc_v2_1_0.mpd line 266 
INFO:EDK - IPNAME: mpmc, INSTANCE:DDR2_SDRAM - tcl is overriding PARAMETER
   C_MEM_PART_TRRD value to 10000 -
   /DIST/it/sw/amd64/xilinx/13.1/ISE_DS/EDK/hw/XilinxProcessorIPLib/pcores/mpmc_
   v6_03_a/data/mpmc_v2_1_0.mpd line 267 
INFO:EDK - IPNAME: mpmc, INSTANCE:DDR2_SDRAM - tcl is overriding PARAMETER
   C_MEM_PART_TRFC value to 105000 -
   /DIST/it/sw/amd64/xilinx/13.1/ISE_DS/EDK/hw/XilinxProcessorIPLib/pcores/mpmc_
   v6_03_a/data/mpmc_v2_1_0.mpd line 268 
INFO:EDK - IPNAME: mpmc, INSTANCE:DDR2_SDRAM - tcl is overriding PARAMETER
   C_MEM_PART_TREFI value to 7800000 -
   /DIST/it/sw/amd64/xilinx/13.1/ISE_DS/EDK/hw/XilinxProcessorIPLib/pcores/mpmc_
   v6_03_a/data/mpmc_v2_1_0.mpd line 269 
INFO:EDK - IPNAME: mpmc, INSTANCE:DDR2_SDRAM - tcl is overriding PARAMETER
   C_MEM_PART_TCCD value to 2 -
   /DIST/it/sw/amd64/xilinx/13.1/ISE_DS/EDK/hw/XilinxProcessorIPLib/pcores/mpmc_
   v6_03_a/data/mpmc_v2_1_0.mpd line 271 
INFO:EDK - IPNAME: mpmc, INSTANCE:DDR2_SDRAM - tcl is overriding PARAMETER
   C_MEM_PART_TWTR value to 7500 -
   /DIST/it/sw/amd64/xilinx/13.1/ISE_DS/EDK/hw/XilinxProcessorIPLib/pcores/mpmc_
   v6_03_a/data/mpmc_v2_1_0.mpd line 272 
INFO:EDK - IPNAME: mpmc, INSTANCE:DDR2_SDRAM - tcl is overriding PARAMETER
   C_MEM_PART_CAS_A_FMAX value to 200 -
   /DIST/it/sw/amd64/xilinx/13.1/ISE_DS/EDK/hw/XilinxProcessorIPLib/pcores/mpmc_
   v6_03_a/data/mpmc_v2_1_0.mpd line 278 
INFO:EDK - IPNAME: mpmc, INSTANCE:DDR2_SDRAM - tcl is overriding PARAMETER
   C_MEM_PART_CAS_A value to 3 -
   /DIST/it/sw/amd64/xilinx/13.1/ISE_DS/EDK/hw/XilinxProcessorIPLib/pcores/mpmc_
   v6_03_a/data/mpmc_v2_1_0.mpd line 279 
INFO:EDK - IPNAME: mpmc, INSTANCE:DDR2_SDRAM - tcl is overriding PARAMETER
   C_MEM_PART_CAS_B_FMAX value to 266 -
   /DIST/it/sw/amd64/xilinx/13.1/ISE_DS/EDK/hw/XilinxProcessorIPLib/pcores/mpmc_
   v6_03_a/data/mpmc_v2_1_0.mpd line 280 
INFO:EDK - IPNAME: mpmc, INSTANCE:DDR2_SDRAM - tcl is overriding PARAMETER
   C_MEM_PART_CAS_B value to 4 -
   /DIST/it/sw/amd64/xilinx/13.1/ISE_DS/EDK/hw/XilinxProcessorIPLib/pcores/mpmc_
   v6_03_a/data/mpmc_v2_1_0.mpd line 281 

Computing clock values...
INFO:EDK:740 - Cannot determine the input clock associated with port :
   ilmb_cntlr:BRAM_Clk_A. Clock DRCs will not be performed on this core and
   cores connected to it. 
INFO:EDK:740 - Cannot determine the input clock associated with port :
   dlmb_cntlr:BRAM_Clk_A. Clock DRCs will not be performed on this core and
   cores connected to it. 

Performing IP level DRCs on properties...

Running DRC Tcl procedures for OPTION IPLEVEL_DRC_PROC...
Address Map for Processor microblaze_0
  (0000000000-0x0000ffff) dlmb_cntlr	dlmb
  (0000000000-0x0000ffff) ilmb_cntlr	ilmb
  (0x81400000-0x8140ffff) Push_Buttons_5Bit	mb_plb
  (0x81420000-0x8142ffff) LEDs_Positions	mb_plb
  (0x81440000-0x8144ffff) LEDs_8Bit	mb_plb
  (0x83c00000-0x83c0ffff) xps_timer_0	mb_plb
  (0x84400000-0x8440ffff) mdm_0	mb_plb
  (0x8a208000-0x8a209fff) xps_bram_if_cntlr_0	mb_plb
  (0x90000000-0x9fffffff) DDR2_SDRAM	mb_plb
INFO:EDK - IPNAME: mpmc, INSTANCE:DDR2_SDRAM - tool is overriding PARAMETER
   C_SPLB0_P2P value to 0 -
   /DIST/it/sw/amd64/xilinx/13.1/ISE_DS/EDK/hw/XilinxProcessorIPLib/pcores/mpmc_
   v6_03_a/data/mpmc_v2_1_0.mpd line 357 
INFO:EDK - IPNAME: microblaze, INSTANCE:microblaze_0 - tool is overriding
   PARAMETER C_DPLB_DWIDTH value to 64 -
   /DIST/it/sw/amd64/xilinx/13.1/ISE_DS/EDK/hw/XilinxProcessorIPLib/pcores/micro
   blaze_v8_10_a/data/microblaze_v2_1_0.mpd line 188 
INFO:EDK - IPNAME: microblaze, INSTANCE:microblaze_0 - tool is overriding
   PARAMETER C_IPLB_DWIDTH value to 64 -
   /DIST/it/sw/amd64/xilinx/13.1/ISE_DS/EDK/hw/XilinxProcessorIPLib/pcores/micro
   blaze_v8_10_a/data/microblaze_v2_1_0.mpd line 192 
INFO:EDK - IPNAME: plb_v46, INSTANCE:mb_plb - tool is overriding PARAMETER
   C_PLBV46_NUM_MASTERS value to 2 -
   /DIST/it/sw/amd64/xilinx/13.1/ISE_DS/EDK/hw/XilinxProcessorIPLib/pcores/plb_v
   46_v1_05_a/data/plb_v46_v2_1_0.mpd line 69 
INFO:EDK - IPNAME: plb_v46, INSTANCE:mb_plb - tool is overriding PARAMETER
   C_PLBV46_NUM_SLAVES value to 7 -
   /DIST/it/sw/amd64/xilinx/13.1/ISE_DS/EDK/hw/XilinxProcessorIPLib/pcores/plb_v
   46_v1_05_a/data/plb_v46_v2_1_0.mpd line 70 
INFO:EDK - IPNAME: plb_v46, INSTANCE:mb_plb - tool is overriding PARAMETER
   C_PLBV46_MID_WIDTH value to 1 -
   /DIST/it/sw/amd64/xilinx/13.1/ISE_DS/EDK/hw/XilinxProcessorIPLib/pcores/plb_v
   46_v1_05_a/data/plb_v46_v2_1_0.mpd line 71 
INFO:EDK - IPNAME: lmb_v10, INSTANCE:ilmb - tool is overriding PARAMETER
   C_LMB_NUM_SLAVES value to 1 -
   /DIST/it/sw/amd64/xilinx/13.1/ISE_DS/EDK/hw/XilinxProcessorIPLib/pcores/lmb_v
   10_v2_00_a/data/lmb_v10_v2_1_0.mpd line 70 
INFO:EDK - IPNAME: lmb_v10, INSTANCE:dlmb - tool is overriding PARAMETER
   C_LMB_NUM_SLAVES value to 1 -
   /DIST/it/sw/amd64/xilinx/13.1/ISE_DS/EDK/hw/XilinxProcessorIPLib/pcores/lmb_v
   10_v2_00_a/data/lmb_v10_v2_1_0.mpd line 70 
INFO:EDK - IPNAME: bram_block, INSTANCE:lmb_bram - tool is overriding PARAMETER
   C_MEMSIZE value to 0x10000 -
   /DIST/it/sw/amd64/xilinx/13.1/ISE_DS/EDK/hw/XilinxProcessorIPLib/pcores/bram_
   block_v1_00_a/data/bram_block_v2_1_0.mpd line 67 
INFO:EDK - IPNAME: xps_gpio, INSTANCE:LEDs_8Bit - tool is overriding PARAMETER
   C_SPLB_DWIDTH value to 64 -
   /DIST/it/sw/amd64/xilinx/13.1/ISE_DS/EDK/hw/XilinxProcessorIPLib/pcores/xps_g
   pio_v2_00_a/data/xps_gpio_v2_1_0.mpd line 69 
INFO:EDK - IPNAME: xps_gpio, INSTANCE:LEDs_8Bit - tool is overriding PARAMETER
   C_SPLB_NUM_MASTERS value to 2 -
   /DIST/it/sw/amd64/xilinx/13.1/ISE_DS/EDK/hw/XilinxProcessorIPLib/pcores/xps_g
   pio_v2_00_a/data/xps_gpio_v2_1_0.mpd line 72 
INFO:EDK - IPNAME: xps_gpio, INSTANCE:LEDs_Positions - tool is overriding
   PARAMETER C_SPLB_DWIDTH value to 64 -
   /DIST/it/sw/amd64/xilinx/13.1/ISE_DS/EDK/hw/XilinxProcessorIPLib/pcores/xps_g
   pio_v2_00_a/data/xps_gpio_v2_1_0.mpd line 69 
INFO:EDK - IPNAME: xps_gpio, INSTANCE:LEDs_Positions - tool is overriding
   PARAMETER C_SPLB_NUM_MASTERS value to 2 -
   /DIST/it/sw/amd64/xilinx/13.1/ISE_DS/EDK/hw/XilinxProcessorIPLib/pcores/xps_g
   pio_v2_00_a/data/xps_gpio_v2_1_0.mpd line 72 
INFO:EDK - IPNAME: xps_gpio, INSTANCE:Push_Buttons_5Bit - tool is overriding
   PARAMETER C_SPLB_DWIDTH value to 64 -
   /DIST/it/sw/amd64/xilinx/13.1/ISE_DS/EDK/hw/XilinxProcessorIPLib/pcores/xps_g
   pio_v2_00_a/data/xps_gpio_v2_1_0.mpd line 69 
INFO:EDK - IPNAME: xps_gpio, INSTANCE:Push_Buttons_5Bit - tool is overriding
   PARAMETER C_SPLB_NUM_MASTERS value to 2 -
   /DIST/it/sw/amd64/xilinx/13.1/ISE_DS/EDK/hw/XilinxProcessorIPLib/pcores/xps_g
   pio_v2_00_a/data/xps_gpio_v2_1_0.mpd line 72 
INFO:EDK - IPNAME: mpmc, INSTANCE:DDR2_SDRAM - tool is overriding PARAMETER
   C_SPLB0_NUM_MASTERS value to 2 -
   /DIST/it/sw/amd64/xilinx/13.1/ISE_DS/EDK/hw/XilinxProcessorIPLib/pcores/mpmc_
   v6_03_a/data/mpmc_v2_1_0.mpd line 355 
INFO:EDK - IPNAME: xps_timer, INSTANCE:xps_timer_0 - tool is overriding
   PARAMETER C_SPLB_DWIDTH value to 64 -
   /DIST/it/sw/amd64/xilinx/13.1/ISE_DS/EDK/hw/XilinxProcessorIPLib/pcores/xps_t
   imer_v1_02_a/data/xps_timer_v2_1_0.mpd line 75 
INFO:EDK - IPNAME: xps_timer, INSTANCE:xps_timer_0 - tool is overriding
   PARAMETER C_SPLB_MID_WIDTH value to 1 -
   /DIST/it/sw/amd64/xilinx/13.1/ISE_DS/EDK/hw/XilinxProcessorIPLib/pcores/xps_t
   imer_v1_02_a/data/xps_timer_v2_1_0.mpd line 77 
INFO:EDK - IPNAME: xps_timer, INSTANCE:xps_timer_0 - tool is overriding
   PARAMETER C_SPLB_NUM_MASTERS value to 2 -
   /DIST/it/sw/amd64/xilinx/13.1/ISE_DS/EDK/hw/XilinxProcessorIPLib/pcores/xps_t
   imer_v1_02_a/data/xps_timer_v2_1_0.mpd line 78 
INFO:EDK - IPNAME: xps_bram_if_cntlr, INSTANCE:xps_bram_if_cntlr_0 - tool is
   overriding PARAMETER C_SPLB_DWIDTH value to 64 -
   /DIST/it/sw/amd64/xilinx/13.1/ISE_DS/EDK/hw/XilinxProcessorIPLib/pcores/xps_b
   ram_if_cntlr_v1_00_b/data/xps_bram_if_cntlr_v2_1_0.mpd line 73 
INFO:EDK - IPNAME: bram_block, INSTANCE:xps_bram_if_cntlr_0_block - tool is
   overriding PARAMETER C_MEMSIZE value to 0x2000 -
   /DIST/it/sw/amd64/xilinx/13.1/ISE_DS/EDK/hw/XilinxProcessorIPLib/pcores/bram_
   block_v1_00_a/data/bram_block_v2_1_0.mpd line 67 
INFO:EDK - IPNAME: mdm, INSTANCE:mdm_0 - tool is overriding PARAMETER
   C_SPLB_DWIDTH value to 64 -
   /DIST/it/sw/amd64/xilinx/13.1/ISE_DS/EDK/hw/XilinxProcessorIPLib/pcores/mdm_v
   2_00_b/data/mdm_v2_1_0.mpd line 81 
INFO:EDK - IPNAME: mdm, INSTANCE:mdm_0 - tool is overriding PARAMETER
   C_SPLB_MID_WIDTH value to 1 -
   /DIST/it/sw/amd64/xilinx/13.1/ISE_DS/EDK/hw/XilinxProcessorIPLib/pcores/mdm_v
   2_00_b/data/mdm_v2_1_0.mpd line 83 
INFO:EDK - IPNAME: mdm, INSTANCE:mdm_0 - tool is overriding PARAMETER
   C_SPLB_NUM_MASTERS value to 2 -
   /DIST/it/sw/amd64/xilinx/13.1/ISE_DS/EDK/hw/XilinxProcessorIPLib/pcores/mdm_v
   2_00_b/data/mdm_v2_1_0.mpd line 84 

Checking platform address map ...

Initializing Memory...
Running Data2Mem with the following command:
data2mem -bm implementation/MB_bd -p xc5vlx110tff1136-1 -bt
implementation/MB.bit  -bd bootloops/microblaze_0.elf tag microblaze_0  -o b
implementation/download.bit 
Memory Initialization completed successfully.

