
Checking platform configuration ...
IPNAME: plb_v46, INSTANCE: mb_plb - 2 master(s) : 11 slave(s) 
IPNAME: lmb_v10, INSTANCE: ilmb - 1 master(s) : 1 slave(s) 
IPNAME: lmb_v10, INSTANCE: dlmb - 1 master(s) : 1 slave(s) 

Checking port drivers...
WARNING:EDK - PORT: bscan_tdo1, CONNECTOR: bscan_tdo1 - No driver found. Port
   will be driven to GND -
   /DIST/it/sw/amd64/xilinx/13.1/ISE_DS/EDK/hw/XilinxProcessorIPLib/pcores/mdm_v
   2_00_b/data/mdm_v2_1_0.mpd line 230 
WARNING:EDK - PORT: bscan_tdi, CONNECTOR: bscan_tdi - floating connection -
   /DIST/it/sw/amd64/xilinx/13.1/ISE_DS/EDK/hw/XilinxProcessorIPLib/pcores/mdm_v
   2_00_b/data/mdm_v2_1_0.mpd line 223 
WARNING:EDK - PORT: bscan_reset, CONNECTOR: bscan_reset - floating connection -
   /DIST/it/sw/amd64/xilinx/13.1/ISE_DS/EDK/hw/XilinxProcessorIPLib/pcores/mdm_v
   2_00_b/data/mdm_v2_1_0.mpd line 224 
WARNING:EDK - PORT: bscan_shift, CONNECTOR: bscan_shift - floating connection -
   /DIST/it/sw/amd64/xilinx/13.1/ISE_DS/EDK/hw/XilinxProcessorIPLib/pcores/mdm_v
   2_00_b/data/mdm_v2_1_0.mpd line 225 
WARNING:EDK - PORT: bscan_update, CONNECTOR: bscan_update - floating connection
   -
   /DIST/it/sw/amd64/xilinx/13.1/ISE_DS/EDK/hw/XilinxProcessorIPLib/pcores/mdm_v
   2_00_b/data/mdm_v2_1_0.mpd line 226 
WARNING:EDK - PORT: bscan_capture, CONNECTOR: bscan_capture - floating
   connection -
   /DIST/it/sw/amd64/xilinx/13.1/ISE_DS/EDK/hw/XilinxProcessorIPLib/pcores/mdm_v
   2_00_b/data/mdm_v2_1_0.mpd line 227 
WARNING:EDK - PORT: bscan_sel1, CONNECTOR: bscan_sel1 - floating connection -
   /DIST/it/sw/amd64/xilinx/13.1/ISE_DS/EDK/hw/XilinxProcessorIPLib/pcores/mdm_v
   2_00_b/data/mdm_v2_1_0.mpd line 228 
WARNING:EDK - PORT: bscan_drck1, CONNECTOR: bscan_drck1 - floating connection -
   /DIST/it/sw/amd64/xilinx/13.1/ISE_DS/EDK/hw/XilinxProcessorIPLib/pcores/mdm_v
   2_00_b/data/mdm_v2_1_0.mpd line 229 

Performing Clock DRCs...

Performing Reset DRCs...

Overriding system level properties...

Running system level update procedures...

Running UPDATE Tcl procedures for OPTION SYSLEVEL_UPDATE_PROC...

Running system level DRCs...

Performing System level DRCs on properties...

Running DRC Tcl procedures for OPTION SYSLEVEL_DRC_PROC...
Conversion to XML complete.
