Generated Block Diagram.
Rasterizing microblaze_0.jpg.....
Rasterizing mb_plb.jpg.....
Rasterizing ilmb.jpg.....
Rasterizing dlmb.jpg.....
Rasterizing dlmb_cntlr.jpg.....
Rasterizing ilmb_cntlr.jpg.....
Rasterizing lmb_bram.jpg.....
Rasterizing LEDs_8Bit.jpg.....
Rasterizing LEDs_Positions.jpg.....
Rasterizing Push_Buttons_5Bit.jpg.....
Rasterizing DDR2_SDRAM.jpg.....
Rasterizing xps_timer_0.jpg.....
Rasterizing xps_bram_if_cntlr_0.jpg.....
Rasterizing xps_bram_if_cntlr_0_block.jpg.....
Rasterizing clock_generator_0.jpg.....
Rasterizing mdm_0.jpg.....
Rasterizing proc_sys_reset_0.jpg.....
Rasterizing MB_blkd.jpg.....
Report generated.
Report generation completed.
