ISim log file
Running: /DIST/home/peters/nadja_cam_repo/VFBC_old/test_CC_isim_beh.exe -intstyle ise -gui -tclbatch isim.cmd -wdb /DIST/home/peters/nadja_cam_repo/VFBC_old/test_CC_isim_beh.wdb 
ISim O.87xd (signature 0x8ddf5b5d)
This is a Full version of ISim.
Time resolution is 1 ps
# onerror resume
# wave add /
# run 1000 ns
Simulator is doing circuit initialization process.
Finished circuit initialization process.
# run 1.00ms
# run 1.00ms
# restart
# run 1.00us
Simulator is doing circuit initialization process.
Finished circuit initialization process.
# run 1.00us
# run 1.00us
# run 1.00us
# run 1.00us
# run 1.00us
# run 1.00us
# run 1.00us
# run 1.00us
# run 1.00us
# run 1.00us
# run 1.00us
# run 1.00us
# run 1.00us
# run 1.00us
# run 1.00us
# run 1.00us
# run 1.00us
# run 1.00us
# run 1.00us
# run 100.00us
# run 100.00us
# exit 0
