Release 13.1 - ngc2edif O.40d (lin)
Copyright (c) 1995-2011 Xilinx, Inc.  All rights reserved.
Reading design FIFO_asynch13_1_tl.ngc ...
WARNING:NetListWriters:298 - No output is written to FIFO_asynch13_1_tl.xncf,
   ignored.
Processing design ...
   Preping design's networks ...
   Preping design's macros ...
  finished :Prep
Writing EDIF netlist file FIFO_asynch13_1_tl.edif ...
ngc2edif: Total memory usage is 22616 kilobytes

Release 13.1 - ngc2edif O.40d (lin)
Copyright (c) 1995-2011 Xilinx, Inc.  All rights reserved.
Reading design fifo_13_1_asynch.ngc ...
WARNING:NetListWriters:298 - No output is written to fifo_13_1_asynch.xncf,
   ignored.
Processing design ...
   Preping design's networks ...
   Preping design's macros ...
  finished :Prep
Writing EDIF netlist file fifo_13_1_asynch.edif ...
ngc2edif: Total memory usage is 22952 kilobytes

