Release 13.1 - platgen Xilinx EDK 13.1 Build EDK_O.40d
 (lin64)
Copyright (c) 1995-2011 Xilinx, Inc.  All rights reserved.

Command Line: platgen -p xc5vlx110tff1136-1 -lang vhdl -stubgen
/DIST/home/peters/cam_repo/CPU_DDR_FIFO2/Mikroblaze/Mikroblaze.mhs 

Parse /DIST/home/peters/cam_repo/CPU_DDR_FIFO2/Mikroblaze/Mikroblaze.mhs ...

Create merged mhs ...
ERROR:EDK - IPNAME: microblaze, INSTANCE: microblaze_0 - cannot find MPD for the
   pcore 'microblaze_v8_20_b' in any of the repositories -
   /DIST/home/peters/cam_repo/CPU_DDR_FIFO2/Mikroblaze/Mikroblaze.mhs line 38 
ERROR:EDK - IPNAME: microblaze, INSTANCE: microblaze_0 - cannot find MPD for the
   pcore 'microblaze_v8_20_b' in any of the repositories -
   /DIST/home/peters/cam_repo/CPU_DDR_FIFO2/Mikroblaze/Mikroblaze.mhs line 38 
ERROR:EDK - IPNAME: lmb_v10, INSTANCE: ilmb - cannot find MPD for the pcore
   'lmb_v10_v2_00_b' in any of the repositories -
   /DIST/home/peters/cam_repo/CPU_DDR_FIFO2/Mikroblaze/Mikroblaze.mhs line 58 
ERROR:EDK - IPNAME: lmb_v10, INSTANCE: dlmb - cannot find MPD for the pcore
   'lmb_v10_v2_00_b' in any of the repositories -
   /DIST/home/peters/cam_repo/CPU_DDR_FIFO2/Mikroblaze/Mikroblaze.mhs line 65 
ERROR:EDK - IPNAME: lmb_bram_if_cntlr, INSTANCE: dlmb_cntlr - cannot find MPD
   for the pcore 'lmb_bram_if_cntlr_v3_00_b' in any of the repositories -
   /DIST/home/peters/cam_repo/CPU_DDR_FIFO2/Mikroblaze/Mikroblaze.mhs line 72 
ERROR:EDK - IPNAME: lmb_bram_if_cntlr, INSTANCE: ilmb_cntlr - cannot find MPD
   for the pcore 'lmb_bram_if_cntlr_v3_00_b' in any of the repositories -
   /DIST/home/peters/cam_repo/CPU_DDR_FIFO2/Mikroblaze/Mikroblaze.mhs line 81 
ERROR:EDK - IPNAME: mpmc, INSTANCE: DDR2_SDRAM_CONTROLLER - cannot find MPD for
   the pcore 'mpmc_v6_05_a' in any of the repositories -
   /DIST/home/peters/cam_repo/CPU_DDR_FIFO2/Mikroblaze/Mikroblaze.mhs line 118 
ERROR:EDK - IPNAME: clock_generator, INSTANCE: clock_generator_0 - cannot find
   MPD for the pcore 'clock_generator_v4_03_a' in any of the repositories -
   /DIST/home/peters/cam_repo/CPU_DDR_FIFO2/Mikroblaze/Mikroblaze.mhs line 156 
ERROR:EDK - platgen failed with errors!
