
Checking platform configuration ...
IPNAME: plb_v46, INSTANCE: mb_plb - 3 master(s) : 13 slave(s) 
IPNAME: lmb_v10, INSTANCE: ilmb - 1 master(s) : 1 slave(s) 
IPNAME: lmb_v10, INSTANCE: dlmb - 1 master(s) : 1 slave(s) 

Checking port drivers...
WARNING:EDK - PORT: bscan_tdo1, CONNECTOR: bscan_tdo1 - No driver found. Port
   will be driven to GND -
   /DIST/it/sw/amd64/xilinx/13.1/ISE_DS/EDK/hw/XilinxProcessorIPLib/pcores/mdm_v
   2_00_b/data/mdm_v2_1_0.mpd line 230 
WARNING:EDK - PORT: bscan_tdi, CONNECTOR: bscan_tdi - floating connection -
   /DIST/it/sw/amd64/xilinx/13.1/ISE_DS/EDK/hw/XilinxProcessorIPLib/pcores/mdm_v
   2_00_b/data/mdm_v2_1_0.mpd line 223 
WARNING:EDK - PORT: bscan_reset, CONNECTOR: bscan_reset - floating connection -
   /DIST/it/sw/amd64/xilinx/13.1/ISE_DS/EDK/hw/XilinxProcessorIPLib/pcores/mdm_v
   2_00_b/data/mdm_v2_1_0.mpd line 224 
WARNING:EDK - PORT: bscan_shift, CONNECTOR: bscan_shift - floating connection -
   /DIST/it/sw/amd64/xilinx/13.1/ISE_DS/EDK/hw/XilinxProcessorIPLib/pcores/mdm_v
   2_00_b/data/mdm_v2_1_0.mpd line 225 
WARNING:EDK - PORT: bscan_update, CONNECTOR: bscan_update - floating connection
   -
   /DIST/it/sw/amd64/xilinx/13.1/ISE_DS/EDK/hw/XilinxProcessorIPLib/pcores/mdm_v
   2_00_b/data/mdm_v2_1_0.mpd line 226 
WARNING:EDK - PORT: bscan_capture, CONNECTOR: bscan_capture - floating
   connection -
   /DIST/it/sw/amd64/xilinx/13.1/ISE_DS/EDK/hw/XilinxProcessorIPLib/pcores/mdm_v
   2_00_b/data/mdm_v2_1_0.mpd line 227 
WARNING:EDK - PORT: bscan_sel1, CONNECTOR: bscan_sel1 - floating connection -
   /DIST/it/sw/amd64/xilinx/13.1/ISE_DS/EDK/hw/XilinxProcessorIPLib/pcores/mdm_v
   2_00_b/data/mdm_v2_1_0.mpd line 228 
WARNING:EDK - PORT: bscan_drck1, CONNECTOR: bscan_drck1 - floating connection -
   /DIST/it/sw/amd64/xilinx/13.1/ISE_DS/EDK/hw/XilinxProcessorIPLib/pcores/mdm_v
   2_00_b/data/mdm_v2_1_0.mpd line 229 

Performing Clock DRCs...

Performing Reset DRCs...

Overriding system level properties...

Running system level update procedures...

Running UPDATE Tcl procedures for OPTION SYSLEVEL_UPDATE_PROC...

Running system level DRCs...

Performing System level DRCs on properties...

Running DRC Tcl procedures for OPTION SYSLEVEL_DRC_PROC...
Did not find device sumary in microblaze_0's synthesis log file
/DIST/home/peters/cam_repo/System_DMA/MB/synthesis/mb_plb_wrapper_xst.srp not
found
WARNING:EDK:1027 - Device utilization and timing not added for mb_plb
/DIST/home/peters/cam_repo/System_DMA/MB/synthesis/ilmb_wrapper_xst.srp not
found
WARNING:EDK:1027 - Device utilization and timing not added for ilmb
/DIST/home/peters/cam_repo/System_DMA/MB/synthesis/dlmb_wrapper_xst.srp not
found
WARNING:EDK:1027 - Device utilization and timing not added for dlmb
/DIST/home/peters/cam_repo/System_DMA/MB/synthesis/dlmb_cntlr_wrapper_xst.srp
not found
WARNING:EDK:1027 - Device utilization and timing not added for dlmb_cntlr
/DIST/home/peters/cam_repo/System_DMA/MB/synthesis/ilmb_cntlr_wrapper_xst.srp
not found
WARNING:EDK:1027 - Device utilization and timing not added for ilmb_cntlr
/DIST/home/peters/cam_repo/System_DMA/MB/synthesis/lmb_bram_wrapper_xst.srp not
found
WARNING:EDK:1027 - Device utilization and timing not added for lmb_bram
/DIST/home/peters/cam_repo/System_DMA/MB/synthesis/leds_8bit_wrapper_xst.srp not
found
WARNING:EDK:1027 - Device utilization and timing not added for LEDs_8Bit
/DIST/home/peters/cam_repo/System_DMA/MB/synthesis/leds_positions_wrapper_xst.sr
p not found
WARNING:EDK:1027 - Device utilization and timing not added for LEDs_Positions
/DIST/home/peters/cam_repo/System_DMA/MB/synthesis/push_buttons_5bit_wrapper_xst
.srp not found
WARNING:EDK:1027 - Device utilization and timing not added for Push_Buttons_5Bit
/DIST/home/peters/cam_repo/System_DMA/MB/synthesis/ddr2_sdram_wrapper_xst.srp
not found
WARNING:EDK:1027 - Device utilization and timing not added for DDR2_SDRAM
/DIST/home/peters/cam_repo/System_DMA/MB/synthesis/xps_timer_0_wrapper_xst.srp
not found
WARNING:EDK:1027 - Device utilization and timing not added for xps_timer_0
/DIST/home/peters/cam_repo/System_DMA/MB/synthesis/xps_bram_if_cntlr_0_wrapper_x
st.srp not found
WARNING:EDK:1027 - Device utilization and timing not added for
   xps_bram_if_cntlr_0
/DIST/home/peters/cam_repo/System_DMA/MB/synthesis/xps_bram_if_cntlr_0_block_wra
pper_xst.srp not found
WARNING:EDK:1027 - Device utilization and timing not added for
   xps_bram_if_cntlr_0_block
/DIST/home/peters/cam_repo/System_DMA/MB/synthesis/clock_generator_0_wrapper_xst
.srp not found
WARNING:EDK:1027 - Device utilization and timing not added for clock_generator_0
/DIST/home/peters/cam_repo/System_DMA/MB/synthesis/mdm_0_wrapper_xst.srp not
found
WARNING:EDK:1027 - Device utilization and timing not added for mdm_0
/DIST/home/peters/cam_repo/System_DMA/MB/synthesis/proc_sys_reset_0_wrapper_xst.
srp not found
WARNING:EDK:1027 - Device utilization and timing not added for proc_sys_reset_0
/DIST/home/peters/cam_repo/System_DMA/MB/synthesis/gpio_fifo_wrapper_xst.srp not
found
WARNING:EDK:1027 - Device utilization and timing not added for gpio_FIFO
/DIST/home/peters/cam_repo/System_DMA/MB/synthesis/gpio_camera_wrapper_xst.srp
not found
WARNING:EDK:1027 - Device utilization and timing not added for gpio_camera
/DIST/home/peters/cam_repo/System_DMA/MB/synthesis/xps_intc_0_wrapper_xst.srp
not found
WARNING:EDK:1027 - Device utilization and timing not added for xps_intc_0
/DIST/home/peters/cam_repo/System_DMA/MB/synthesis/xps_fifo_data_wrapper_xst.srp
not found
WARNING:EDK:1027 - Device utilization and timing not added for xps_FIFO_data
/DIST/home/peters/cam_repo/System_DMA/MB/synthesis/xps_central_dma_0_wrapper_xst
.srp not found
WARNING:EDK:1027 - Device utilization and timing not added for xps_central_dma_0
/DIST/home/peters/cam_repo/System_DMA/MB/synthesis/xps_epc_0_wrapper_xst.srp not
found
WARNING:EDK:1027 - Device utilization and timing not added for xps_epc_0
Conversion to XML complete.
