Generated Block Diagram.
Rasterizing microblaze_0.jpg.....
Rasterizing mb_plb.jpg.....
Rasterizing ilmb.jpg.....
Rasterizing dlmb.jpg.....
Rasterizing dlmb_cntlr.jpg.....
Rasterizing ilmb_cntlr.jpg.....
Rasterizing lmb_bram.jpg.....
Rasterizing Push_Buttons_5Bit.jpg.....
Rasterizing DDR2_SDRAM.jpg.....
Rasterizing xps_timer_0.jpg.....
Rasterizing xps_bram_if_cntlr_0.jpg.....
Rasterizing xps_bram_if_cntlr_0_block.jpg.....
Rasterizing clock_generator_0.jpg.....
Rasterizing mdm_0.jpg.....
Rasterizing proc_sys_reset_0.jpg.....
Rasterizing gpio_FIFO.jpg.....
Rasterizing xps_intc_0.jpg.....
Rasterizing xps_FIFO_cam_data.jpg.....
Rasterizing xps_central_dma_0.jpg.....
Rasterizing xps_epc_0.jpg.....
Rasterizing MB_blkd.jpg.....
Report generated.
Report generation completed.
