/DIST/home/peters/cam_repo/System_DMA/System_tl.ngc 1345026591
/DIST/home/peters/cam_repo/System_DMA/MB.ngc 1344963130
/DIST/home/peters/cam_repo/System_DMA/microblaze_0_wrapper.ngc 1344963130
/DIST/home/peters/cam_repo/System_DMA/mb_plb_wrapper.ngc 1344963130
/DIST/home/peters/cam_repo/System_DMA/ilmb_wrapper.ngc 1344963130
/DIST/home/peters/cam_repo/System_DMA/dlmb_wrapper.ngc 1344963130
/DIST/home/peters/cam_repo/System_DMA/dlmb_cntlr_wrapper.ngc 1344963130
/DIST/home/peters/cam_repo/System_DMA/ilmb_cntlr_wrapper.ngc 1344963130
/DIST/home/peters/cam_repo/System_DMA/lmb_bram_wrapper.ngc 1344963130
/DIST/home/peters/cam_repo/System_DMA/push_buttons_5bit_wrapper.ngc 1344963130
/DIST/home/peters/cam_repo/System_DMA/ddr2_sdram_wrapper.ngc 1344963130
/DIST/home/peters/cam_repo/System_DMA/xps_timer_0_wrapper.ngc 1344963130
/DIST/home/peters/cam_repo/System_DMA/xps_bram_if_cntlr_0_wrapper.ngc 1344963130
/DIST/home/peters/cam_repo/System_DMA/xps_bram_if_cntlr_0_block_wrapper.ngc 1344963130
/DIST/home/peters/cam_repo/System_DMA/clock_generator_0_wrapper.ngc 1344963130
/DIST/home/peters/cam_repo/System_DMA/mdm_0_wrapper.ngc 1344963130
/DIST/home/peters/cam_repo/System_DMA/proc_sys_reset_0_wrapper.ngc 1344963130
/DIST/home/peters/cam_repo/System_DMA/gpio_fifo_wrapper.ngc 1344963130
/DIST/home/peters/cam_repo/System_DMA/xps_intc_0_wrapper.ngc 1344963130
/DIST/home/peters/cam_repo/System_DMA/xps_fifo_cam_data_wrapper.ngc 1344963130
/DIST/home/peters/cam_repo/System_DMA/xps_central_dma_0_wrapper.ngc 1344963130
/DIST/home/peters/cam_repo/System_DMA/xps_epc_0_wrapper.ngc 1344963130
FIFO_13_1_asynch/ipcore_dir/fifo_13_1_asynch.ngc 1344947429
OK
