=====================
Opened log file
=====================
Created pcores directory
=====================
Opened log file
=====================
Xilinx Platform Studio (XPS)
Xilinx EDK 13.4 Build EDK_O.87xd

Xilinx EDK 13.4 Build EDK_O.87xd

Copied /DIST/it/sw/amd64/xilinx/13.4/ISE_DS/EDK/data/xflow/bitgen_virtex5.ut to
etc directory
Copied file
/DIST/it/sw/amd64/xilinx/13.4/ISE_DS/EDK/data/xflow/fast_runtime_virtex5.opt to
etc directory
No changes to be saved in MHS file
Saved project XMP file
Saved Make file
Xilinx Platform Studio (XPS)
Xilinx EDK 13.4 Build EDK_O.87xd
Copyright (c) 1995-2011 Xilinx, Inc.  All rights reserved.

Writing filter settings....
Done writing filter settings to:
	/DIST/home/peters/cam_repo/CPU_DDR_FIFO/Microblaze/etc/Microblaze.filters
Done writing Tab View settings to:
	/DIST/home/peters/cam_repo/CPU_DDR_FIFO/Microblaze/etc/Microblaze.gui
Xilinx Platform Studio (XPS)
Xilinx EDK 13.4 Build EDK_O.87xd
Copyright (c) 1995-2011 Xilinx, Inc.  All rights reserved.

Writing filter settings....
Done writing filter settings to:
	/DIST/home/peters/cam_repo/CPU_DDR_FIFO/Microblaze/etc/Microblaze.filters
Done writing Tab View settings to:
	/DIST/home/peters/cam_repo/CPU_DDR_FIFO/Microblaze/etc/Microblaze.gui
=====================
Opened log file
=====================
=====================
Opened log file
=====================
Xilinx Platform Studio (XPS)
Xilinx EDK 13.4 Build EDK_O.87xd

Xilinx EDK 13.4 Build EDK_O.87xd

=====================
Opened log file
=====================
=====================
Opened log file
=====================
Xilinx Platform Studio (XPS)
Xilinx EDK 13.4 Build EDK_O.87xd

Xilinx EDK 13.4 Build EDK_O.87xd

Xilinx Platform Studio (XPS)
Xilinx EDK 13.4 Build EDK_O.87xd
Copyright (c) 1995-2011 Xilinx, Inc.  All rights reserved.

WARNING:EDK - UCF file has reference to the following nonexistent external port(s), please revise UCF file.
   fpga_0_clk_1_sys_clk_pin
WARNING:EDK - UCF file has reference to the following nonexistent external port(s), please revise UCF file.
   fpga_0_rst_1_sys_rst_pin
Assigned Driver gpio 3.00.a for instance xps_gpio_0
xps_gpio_0 has been added to the project
ERROR:EDK:4125 - IPNAME: xps_gpio, INSTANCE: xps_gpio_0, PARAMETER: C_BASEADDR - ASSIGNMENT=REQUIRE is defined in the MPD. You must specify a value in the MHS. 
ERROR:EDK:4125 - IPNAME: xps_gpio, INSTANCE: xps_gpio_0, PARAMETER: C_HIGHADDR - ASSIGNMENT=REQUIRE is defined in the MPD. You must specify a value in the MHS. 
WARNING:EDK:2137 - Peripheral xps_gpio_0 is not accessible from any processor in the system. Check Bus Interface connections and address parameters. 
WARNING:EDK:2137 - Peripheral xps_gpio_0 is not accessible from any processor in the system. Check Bus Interface connections and address parameters. 
WARNING:EDK:2137 - Peripheral gpio_FIFO is not accessible from any processor in the system. Check Bus Interface connections and address parameters. 
WARNING:EDK:3967 - xps_gpio (gpio_FIFO) - ADDRESS specified by PARAMETER C_BASEADDR is ignored - /DIST/home/peters/cam_repo/CPU_DDR_FIFO/Microblaze/Microblaze.mhs line 146 
Assigned Driver generic 1.00.a for instance plb_v46_0
WARNING:EDK:3967 - xps_gpio (gpio_FIFO) - ADDRESS specified by PARAMETER C_BASEADDR is ignored - /DIST/home/peters/cam_repo/CPU_DDR_FIFO/Microblaze/Microblaze.mhs line 146 
WARNING:EDK:2137 - Peripheral gpio_FIFO is not accessible from any processor in the system. Check Bus Interface connections and address parameters. 
Make instance gpio_FIFO port GPIO_IO_I external with net as port name
Instance gpio_FIFO port GPIO_IO_I connector undefined, using gpio_FIFO_GPIO_IO_I
WARNING:EDK:3967 - xps_gpio (gpio_FIFO) - ADDRESS specified by PARAMETER C_BASEADDR is ignored - /DIST/home/peters/cam_repo/CPU_DDR_FIFO/Microblaze/Microblaze.mhs line 146 
WARNING:EDK:2137 - Peripheral gpio_FIFO is not accessible from any processor in the system. Check Bus Interface connections and address parameters. 
WARNING:EDK:3967 - xps_gpio (gpio_FIFO) - ADDRESS specified by PARAMETER C_BASEADDR is ignored - /DIST/home/peters/cam_repo/CPU_DDR_FIFO/Microblaze/Microblaze.mhs line 146 
WARNING:EDK:2137 - Peripheral gpio_FIFO is not accessible from any processor in the system. Check Bus Interface connections and address parameters. 
WARNING:EDK:3967 - xps_gpio (gpio_FIFO) - ADDRESS specified by PARAMETER C_BASEADDR is ignored - /DIST/home/peters/cam_repo/CPU_DDR_FIFO/Microblaze/Microblaze.mhs line 146 
WARNING:EDK:2137 - Peripheral gpio_FIFO is not accessible from any processor in the system. Check Bus Interface connections and address parameters. 
WARNING:EDK:3967 - xps_gpio (gpio_FIFO) - ADDRESS specified by PARAMETER C_BASEADDR is ignored - /DIST/home/peters/cam_repo/CPU_DDR_FIFO/Microblaze/Microblaze.mhs line 146 
WARNING:EDK:2137 - Peripheral gpio_FIFO is not accessible from any processor in the system. Check Bus Interface connections and address parameters. 
WARNING:EDK:3967 - xps_gpio (gpio_FIFO) - ADDRESS specified by PARAMETER C_BASEADDR is ignored - /DIST/home/peters/cam_repo/CPU_DDR_FIFO/Microblaze/Microblaze.mhs line 146 
WARNING:EDK:2137 - Peripheral gpio_FIFO is not accessible from any processor in the system. Check Bus Interface connections and address parameters. 
Assigned Driver dmacentral 2.00.a for instance xps_central_dma_0
xps_central_dma_0 has been added to the project
WARNING:EDK:3967 - xps_gpio (gpio_FIFO) - ADDRESS specified by PARAMETER C_BASEADDR is ignored - /DIST/home/peters/cam_repo/CPU_DDR_FIFO/Microblaze/Microblaze.mhs line 146 
ERROR:EDK:4125 - IPNAME: xps_central_dma, INSTANCE: xps_central_dma_0, PARAMETER: C_BASEADDR - ASSIGNMENT=REQUIRE is defined in the MPD. You must specify a value in the MHS. 
ERROR:EDK:4125 - IPNAME: xps_central_dma, INSTANCE: xps_central_dma_0, PARAMETER: C_HIGHADDR - ASSIGNMENT=REQUIRE is defined in the MPD. You must specify a value in the MHS. 
WARNING:EDK:2137 - Peripheral gpio_FIFO is not accessible from any processor in the system. Check Bus Interface connections and address parameters. 
WARNING:EDK:2137 - Peripheral xps_central_dma_0 is not accessible from any processor in the system. Check Bus Interface connections and address parameters. 
WARNING:EDK:3967 - xps_gpio (gpio_FIFO) - ADDRESS specified by PARAMETER C_BASEADDR is ignored - /DIST/home/peters/cam_repo/CPU_DDR_FIFO/Microblaze/Microblaze.mhs line 146 
ERROR:EDK:4125 - IPNAME: xps_central_dma, INSTANCE: xps_central_dma_0, PARAMETER: C_BASEADDR - ASSIGNMENT=REQUIRE is defined in the MPD. You must specify a value in the MHS. 
ERROR:EDK:4125 - IPNAME: xps_central_dma, INSTANCE: xps_central_dma_0, PARAMETER: C_HIGHADDR - ASSIGNMENT=REQUIRE is defined in the MPD. You must specify a value in the MHS. 
WARNING:EDK:2137 - Peripheral gpio_FIFO is not accessible from any processor in the system. Check Bus Interface connections and address parameters. 
WARNING:EDK:2137 - Peripheral xps_central_dma_0 is not accessible from any processor in the system. Check Bus Interface connections and address parameters. 
WARNING:EDK:3967 - xps_gpio (gpio_FIFO) - ADDRESS specified by PARAMETER C_BASEADDR is ignored - /DIST/home/peters/cam_repo/CPU_DDR_FIFO/Microblaze/Microblaze.mhs line 146 
ERROR:EDK:4125 - IPNAME: xps_central_dma, INSTANCE: xps_dma, PARAMETER: C_BASEADDR - ASSIGNMENT=REQUIRE is defined in the MPD. You must specify a value in the MHS. 
ERROR:EDK:4125 - IPNAME: xps_central_dma, INSTANCE: xps_dma, PARAMETER: C_HIGHADDR - ASSIGNMENT=REQUIRE is defined in the MPD. You must specify a value in the MHS. 
WARNING:EDK:2137 - Peripheral gpio_FIFO is not accessible from any processor in the system. Check Bus Interface connections and address parameters. 
WARNING:EDK:2137 - Peripheral xps_dma is not accessible from any processor in the system. Check Bus Interface connections and address parameters. 
WARNING:EDK:3967 - xps_gpio (gpio_FIFO) - ADDRESS specified by PARAMETER C_BASEADDR is ignored - /DIST/home/peters/cam_repo/CPU_DDR_FIFO/Microblaze/dump.mhs line 139 
Address Map for Processor microblaze_0
  (0000000000-0x0000ffff) dlmb_cntlr	dlmb
  (0000000000-0x0000ffff) ilmb_cntlr	ilmb
  (0x81800000-0x8180ffff) xps_intc_0	mb_plb
  (0x83c00000-0x83c0ffff) xps_timer_0	mb_plb
  (0x83c18000-0x83c19fff) xps_bram_if_cntlr_0	mb_plb
  (0x84400000-0x8440ffff) mdm_0	mb_plb
WARNING:EDK:3967 - xps_gpio (gpio_FIFO) - ADDRESS specified by PARAMETER C_BASEADDR is ignored - /DIST/home/peters/cam_repo/CPU_DDR_FIFO/Microblaze/Microblaze.mhs line 146 
ERROR:EDK:4125 - IPNAME: xps_central_dma, INSTANCE: xps_dma, PARAMETER: C_BASEADDR - ASSIGNMENT=REQUIRE is defined in the MPD. You must specify a value in the MHS. 
ERROR:EDK:4125 - IPNAME: xps_central_dma, INSTANCE: xps_dma, PARAMETER: C_HIGHADDR - ASSIGNMENT=REQUIRE is defined in the MPD. You must specify a value in the MHS. 
WARNING:EDK:2137 - Peripheral gpio_FIFO is not accessible from any processor in the system. Check Bus Interface connections and address parameters. 
WARNING:EDK:2137 - Peripheral xps_dma is not accessible from any processor in the system. Check Bus Interface connections and address parameters. 
Generated Addresses Successfully
WARNING:EDK:3967 - xps_gpio (gpio_FIFO) - ADDRESS specified by PARAMETER C_BASEADDR is ignored - /DIST/home/peters/cam_repo/CPU_DDR_FIFO/Microblaze/Microblaze.mhs line 146 
ERROR:EDK:4125 - IPNAME: xps_central_dma, INSTANCE: xps_dma, PARAMETER: C_BASEADDR - ASSIGNMENT=REQUIRE is defined in the MPD. You must specify a value in the MHS. 
ERROR:EDK:4125 - IPNAME: xps_central_dma, INSTANCE: xps_dma, PARAMETER: C_HIGHADDR - ASSIGNMENT=REQUIRE is defined in the MPD. You must specify a value in the MHS. 
WARNING:EDK:2137 - Peripheral gpio_FIFO is not accessible from any processor in the system. Check Bus Interface connections and address parameters. 
WARNING:EDK:2137 - Peripheral xps_dma is not accessible from any processor in the system. Check Bus Interface connections and address parameters. 
WARNING:EDK:3967 - xps_gpio (gpio_FIFO) - ADDRESS specified by PARAMETER C_BASEADDR is ignored - /DIST/home/peters/cam_repo/CPU_DDR_FIFO/Microblaze/dump.mhs line 139 
Address Map for Processor microblaze_0
  (0000000000-0x0000ffff) dlmb_cntlr	dlmb
  (0000000000-0x0000ffff) ilmb_cntlr	ilmb
  (0x81800000-0x8180ffff) xps_intc_0	mb_plb
  (0x83c00000-0x83c0ffff) xps_timer_0	mb_plb
  (0x83c18000-0x83c19fff) xps_bram_if_cntlr_0	mb_plb
  (0x84400000-0x8440ffff) mdm_0	mb_plb
WARNING:EDK:3967 - xps_gpio (gpio_FIFO) - ADDRESS specified by PARAMETER C_BASEADDR is ignored - /DIST/home/peters/cam_repo/CPU_DDR_FIFO/Microblaze/Microblaze.mhs line 146 
ERROR:EDK:4125 - IPNAME: xps_central_dma, INSTANCE: xps_dma, PARAMETER: C_BASEADDR - ASSIGNMENT=REQUIRE is defined in the MPD. You must specify a value in the MHS. 
ERROR:EDK:4125 - IPNAME: xps_central_dma, INSTANCE: xps_dma, PARAMETER: C_HIGHADDR - ASSIGNMENT=REQUIRE is defined in the MPD. You must specify a value in the MHS. 
WARNING:EDK:2137 - Peripheral gpio_FIFO is not accessible from any processor in the system. Check Bus Interface connections and address parameters. 
WARNING:EDK:2137 - Peripheral xps_dma is not accessible from any processor in the system. Check Bus Interface connections and address parameters. 
Generated Addresses Successfully
WARNING:EDK:3967 - xps_gpio (gpio_FIFO) - ADDRESS specified by PARAMETER C_BASEADDR is ignored - /DIST/home/peters/cam_repo/CPU_DDR_FIFO/Microblaze/Microblaze.mhs line 146 
ERROR:EDK:4125 - IPNAME: xps_central_dma, INSTANCE: xps_dma, PARAMETER: C_BASEADDR - ASSIGNMENT=REQUIRE is defined in the MPD. You must specify a value in the MHS. 
ERROR:EDK:4125 - IPNAME: xps_central_dma, INSTANCE: xps_dma, PARAMETER: C_HIGHADDR - ASSIGNMENT=REQUIRE is defined in the MPD. You must specify a value in the MHS. 
WARNING:EDK:2137 - Peripheral gpio_FIFO is not accessible from any processor in the system. Check Bus Interface connections and address parameters. 
WARNING:EDK:2137 - Peripheral xps_dma is not accessible from any processor in the system. Check Bus Interface connections and address parameters. 
WARNING:EDK:3967 - xps_gpio (gpio_FIFO) - ADDRESS specified by PARAMETER C_BASEADDR is ignored - /DIST/home/peters/cam_repo/CPU_DDR_FIFO/Microblaze/Microblaze.mhs line 146 
ERROR:EDK:4125 - IPNAME: xps_central_dma, INSTANCE: xps_dma, PARAMETER: C_BASEADDR - ASSIGNMENT=REQUIRE is defined in the MPD. You must specify a value in the MHS. 
ERROR:EDK:4125 - IPNAME: xps_central_dma, INSTANCE: xps_dma, PARAMETER: C_HIGHADDR - ASSIGNMENT=REQUIRE is defined in the MPD. You must specify a value in the MHS. 
WARNING:EDK:2137 - Peripheral xps_dma is not accessible from any processor in the system. Check Bus Interface connections and address parameters. 
Address Map for Processor microblaze_0
  (0000000000-0x0000ffff) dlmb_cntlr	dlmb
  (0000000000-0x0000ffff) ilmb_cntlr	ilmb
  (0x81400000-0x8140ffff) gpio_FIFO	mb_plb
  (0x81800000-0x8180ffff) xps_intc_0	mb_plb
  (0x83c00000-0x83c0ffff) xps_timer_0	mb_plb
  (0x83c18000-0x83c19fff) xps_bram_if_cntlr_0	mb_plb
  (0x84400000-0x8440ffff) mdm_0	mb_plb
ERROR:EDK:4125 - IPNAME: xps_central_dma, INSTANCE: xps_dma, PARAMETER: C_BASEADDR - ASSIGNMENT=REQUIRE is defined in the MPD. You must specify a value in the MHS. 
ERROR:EDK:4125 - IPNAME: xps_central_dma, INSTANCE: xps_dma, PARAMETER: C_HIGHADDR - ASSIGNMENT=REQUIRE is defined in the MPD. You must specify a value in the MHS. 
WARNING:EDK:2137 - Peripheral xps_dma is not accessible from any processor in the system. Check Bus Interface connections and address parameters. 
Generated Addresses Successfully
ERROR:EDK:4125 - IPNAME: xps_central_dma, INSTANCE: xps_dma, PARAMETER: C_BASEADDR - ASSIGNMENT=REQUIRE is defined in the MPD. You must specify a value in the MHS. 
ERROR:EDK:4125 - IPNAME: xps_central_dma, INSTANCE: xps_dma, PARAMETER: C_HIGHADDR - ASSIGNMENT=REQUIRE is defined in the MPD. You must specify a value in the MHS. 
WARNING:EDK:2137 - Peripheral xps_dma is not accessible from any processor in the system. Check Bus Interface connections and address parameters. 
Make instance gpio_FIFO port GPIO2_IO_O external with net as port name
Instance gpio_FIFO port GPIO2_IO_O connector undefined, using gpio_FIFO_GPIO2_IO_O
ERROR:EDK:4125 - IPNAME: xps_central_dma, INSTANCE: xps_dma, PARAMETER: C_BASEADDR - ASSIGNMENT=REQUIRE is defined in the MPD. You must specify a value in the MHS. 
ERROR:EDK:4125 - IPNAME: xps_central_dma, INSTANCE: xps_dma, PARAMETER: C_HIGHADDR - ASSIGNMENT=REQUIRE is defined in the MPD. You must specify a value in the MHS. 
WARNING:EDK:2137 - Peripheral xps_dma is not accessible from any processor in the system. Check Bus Interface connections and address parameters. 
ERROR:EDK:4125 - IPNAME: xps_central_dma, INSTANCE: xps_dma, PARAMETER: C_BASEADDR - ASSIGNMENT=REQUIRE is defined in the MPD. You must specify a value in the MHS. 
ERROR:EDK:4125 - IPNAME: xps_central_dma, INSTANCE: xps_dma, PARAMETER: C_HIGHADDR - ASSIGNMENT=REQUIRE is defined in the MPD. You must specify a value in the MHS. 
WARNING:EDK:2137 - Peripheral xps_dma is not accessible from any processor in the system. Check Bus Interface connections and address parameters. 
ERROR:EDK:4125 - IPNAME: xps_central_dma, INSTANCE: xps_dma, PARAMETER: C_BASEADDR - ASSIGNMENT=REQUIRE is defined in the MPD. You must specify a value in the MHS. 
ERROR:EDK:4125 - IPNAME: xps_central_dma, INSTANCE: xps_dma, PARAMETER: C_HIGHADDR - ASSIGNMENT=REQUIRE is defined in the MPD. You must specify a value in the MHS. 
WARNING:EDK:2137 - Peripheral xps_dma is not accessible from any processor in the system. Check Bus Interface connections and address parameters. 
ERROR:EDK:4125 - IPNAME: xps_central_dma, INSTANCE: xps_dma, PARAMETER: C_BASEADDR - ASSIGNMENT=REQUIRE is defined in the MPD. You must specify a value in the MHS. 
ERROR:EDK:4125 - IPNAME: xps_central_dma, INSTANCE: xps_dma, PARAMETER: C_HIGHADDR - ASSIGNMENT=REQUIRE is defined in the MPD. You must specify a value in the MHS. 
WARNING:EDK:2137 - Peripheral xps_dma is not accessible from any processor in the system. Check Bus Interface connections and address parameters. 
ERROR:EDK:4125 - IPNAME: xps_central_dma, INSTANCE: xps_dma, PARAMETER: C_BASEADDR - ASSIGNMENT=REQUIRE is defined in the MPD. You must specify a value in the MHS. 
ERROR:EDK:4125 - IPNAME: xps_central_dma, INSTANCE: xps_dma, PARAMETER: C_HIGHADDR - ASSIGNMENT=REQUIRE is defined in the MPD. You must specify a value in the MHS. 
WARNING:EDK:2137 - Peripheral xps_dma is not accessible from any processor in the system. Check Bus Interface connections and address parameters. 
ERROR:EDK:4125 - IPNAME: xps_central_dma, INSTANCE: xps_dma, PARAMETER: C_BASEADDR - ASSIGNMENT=REQUIRE is defined in the MPD. You must specify a value in the MHS. 
ERROR:EDK:4125 - IPNAME: xps_central_dma, INSTANCE: xps_dma, PARAMETER: C_HIGHADDR - ASSIGNMENT=REQUIRE is defined in the MPD. You must specify a value in the MHS. 
WARNING:EDK:2137 - Peripheral xps_dma is not accessible from any processor in the system. Check Bus Interface connections and address parameters. 
ERROR:EDK:4125 - IPNAME: xps_central_dma, INSTANCE: xps_dma, PARAMETER: C_BASEADDR - ASSIGNMENT=REQUIRE is defined in the MPD. You must specify a value in the MHS. 
ERROR:EDK:4125 - IPNAME: xps_central_dma, INSTANCE: xps_dma, PARAMETER: C_HIGHADDR - ASSIGNMENT=REQUIRE is defined in the MPD. You must specify a value in the MHS. 
WARNING:EDK:2137 - Peripheral xps_dma is not accessible from any processor in the system. Check Bus Interface connections and address parameters. 

********************************************************************************
At Local date and time: Thu Aug  2 11:23:12 2012
 make -f Microblaze.make clean started...
rm -f implementation/Microblaze.ngc
rm -f platgen.log
rm -f __xps/ise/_xmsgs/platgen.xmsgs
touch __xps/ise/Microblaze.xpssyn
rm -f implementation/Microblaze.bmm
rm -rf implementation/cache
rm -f implementation/Microblaze.bit
rm -f implementation/Microblaze.ncd
rm -f implementation/Microblaze_bd.bmm 
rm -f implementation/Microblaze_map.ncd 
rm -f implementation/download.bit 
rm -f __xps/Microblaze_bits
rm -rf implementation synthesis xst hdl
rm -rf xst.srp Microblaze.srp
rm -f __xps/ise/_xmsgs/bitinit.xmsgs
rm -rf SDK
rm -rf __xps/ps7_instance.mhs
rm -rf simulation/behavioral
rm -f simgen.log
rm -f __xps/ise/_xmsgs/simgen.xmsgs
touch __xps/ise/Microblaze.xpssim
rm -f _impact.cmd
Done!
Address Map for Processor microblaze_0
  (0000000000-0x0000ffff) dlmb_cntlr	dlmb
  (0000000000-0x0000ffff) ilmb_cntlr	ilmb
  (0x81400000-0x8140ffff) gpio_FIFO	mb_plb
  (0x81800000-0x8180ffff) xps_intc_0	mb_plb
  (0x83c00000-0x83c0ffff) xps_timer_0	mb_plb
  (0x83c18000-0x83c19fff) xps_bram_if_cntlr_0	mb_plb
  (0x84400000-0x8440ffff) mdm_0	mb_plb
ERROR:EDK:4125 - IPNAME: xps_central_dma, INSTANCE: xps_dma, PARAMETER: C_BASEADDR - ASSIGNMENT=REQUIRE is defined in the MPD. You must specify a value in the MHS. 
ERROR:EDK:4125 - IPNAME: xps_central_dma, INSTANCE: xps_dma, PARAMETER: C_HIGHADDR - ASSIGNMENT=REQUIRE is defined in the MPD. You must specify a value in the MHS. 
WARNING:EDK:2137 - Peripheral xps_dma is not accessible from any processor in the system. Check Bus Interface connections and address parameters. 
Generated Addresses Successfully
ERROR:EDK:4125 - IPNAME: xps_central_dma, INSTANCE: xps_dma, PARAMETER: C_BASEADDR - ASSIGNMENT=REQUIRE is defined in the MPD. You must specify a value in the MHS. 
ERROR:EDK:4125 - IPNAME: xps_central_dma, INSTANCE: xps_dma, PARAMETER: C_HIGHADDR - ASSIGNMENT=REQUIRE is defined in the MPD. You must specify a value in the MHS. 
WARNING:EDK:2137 - Peripheral xps_dma is not accessible from any processor in the system. Check Bus Interface connections and address parameters. 
ERROR:EDK:4125 - IPNAME: xps_central_dma, INSTANCE: xps_dma, PARAMETER: C_BASEADDR - ASSIGNMENT=REQUIRE is defined in the MPD. You must specify a value in the MHS. 
ERROR:EDK:4125 - IPNAME: xps_central_dma, INSTANCE: xps_dma, PARAMETER: C_HIGHADDR - ASSIGNMENT=REQUIRE is defined in the MPD. You must specify a value in the MHS. 
WARNING:EDK:2137 - Peripheral xps_dma is not accessible from any processor in the system. Check Bus Interface connections and address parameters. 
ERROR:EDK:4125 - IPNAME: xps_central_dma, INSTANCE: xps_dma, PARAMETER: C_BASEADDR - ASSIGNMENT=REQUIRE is defined in the MPD. You must specify a value in the MHS. 
ERROR:EDK:4125 - IPNAME: xps_central_dma, INSTANCE: xps_dma, PARAMETER: C_HIGHADDR - ASSIGNMENT=REQUIRE is defined in the MPD. You must specify a value in the MHS. 
WARNING:EDK:2137 - Peripheral xps_dma is not accessible from any processor in the system. Check Bus Interface connections and address parameters. 
Address Map for Processor microblaze_0
  (0000000000-0x0000ffff) dlmb_cntlr	dlmb
  (0000000000-0x0000ffff) ilmb_cntlr	ilmb
  (0x81800000-0x8180ffff) xps_intc_0	mb_plb
  (0x83c00000-0x83c0ffff) xps_timer_0	mb_plb
  (0x83c14000-0x83c143ff) gpio_FIFO	mb_plb
  (0x83c18000-0x83c19fff) xps_bram_if_cntlr_0	mb_plb
  (0x84400000-0x8440ffff) mdm_0	mb_plb
ERROR:EDK:4125 - IPNAME: xps_central_dma, INSTANCE: xps_dma, PARAMETER: C_BASEADDR - ASSIGNMENT=REQUIRE is defined in the MPD. You must specify a value in the MHS. 
ERROR:EDK:4125 - IPNAME: xps_central_dma, INSTANCE: xps_dma, PARAMETER: C_HIGHADDR - ASSIGNMENT=REQUIRE is defined in the MPD. You must specify a value in the MHS. 
WARNING:EDK:2137 - Peripheral xps_dma is not accessible from any processor in the system. Check Bus Interface connections and address parameters. 
Generated Addresses Successfully
ERROR:EDK:4125 - IPNAME: xps_central_dma, INSTANCE: xps_dma, PARAMETER: C_BASEADDR - ASSIGNMENT=REQUIRE is defined in the MPD. You must specify a value in the MHS. 
ERROR:EDK:4125 - IPNAME: xps_central_dma, INSTANCE: xps_dma, PARAMETER: C_HIGHADDR - ASSIGNMENT=REQUIRE is defined in the MPD. You must specify a value in the MHS. 
WARNING:EDK:2137 - Peripheral xps_dma is not accessible from any processor in the system. Check Bus Interface connections and address parameters. 
Assigned Driver generic 1.00.a for instance plb_v46_1
ERROR:EDK:4125 - IPNAME: xps_central_dma, INSTANCE: xps_dma, PARAMETER: C_BASEADDR - ASSIGNMENT=REQUIRE is defined in the MPD. You must specify a value in the MHS. 
ERROR:EDK:4125 - IPNAME: xps_central_dma, INSTANCE: xps_dma, PARAMETER: C_HIGHADDR - ASSIGNMENT=REQUIRE is defined in the MPD. You must specify a value in the MHS. 
WARNING:EDK:2137 - Peripheral gpio_FIFO is not accessible from any processor in the system. Check Bus Interface connections and address parameters. 
WARNING:EDK:2137 - Peripheral xps_dma is not accessible from any processor in the system. Check Bus Interface connections and address parameters. 
ERROR:EDK:4125 - IPNAME: xps_central_dma, INSTANCE: xps_dma, PARAMETER: C_BASEADDR - ASSIGNMENT=REQUIRE is defined in the MPD. You must specify a value in the MHS. 
ERROR:EDK:4125 - IPNAME: xps_central_dma, INSTANCE: xps_dma, PARAMETER: C_HIGHADDR - ASSIGNMENT=REQUIRE is defined in the MPD. You must specify a value in the MHS. 
WARNING:EDK:2137 - Peripheral xps_dma is not accessible from any processor in the system. Check Bus Interface connections and address parameters. 
ERROR:EDK:4125 - IPNAME: xps_central_dma, INSTANCE: xps_dma, PARAMETER: C_BASEADDR - ASSIGNMENT=REQUIRE is defined in the MPD. You must specify a value in the MHS. 
ERROR:EDK:4125 - IPNAME: xps_central_dma, INSTANCE: xps_dma, PARAMETER: C_HIGHADDR - ASSIGNMENT=REQUIRE is defined in the MPD. You must specify a value in the MHS. 
WARNING:EDK:2137 - Peripheral gpio_FIFO is not accessible from any processor in the system. Check Bus Interface connections and address parameters. 
WARNING:EDK:2137 - Peripheral xps_dma is not accessible from any processor in the system. Check Bus Interface connections and address parameters. 
ERROR:EDK:4125 - IPNAME: xps_central_dma, INSTANCE: xps_dma, PARAMETER: C_BASEADDR - ASSIGNMENT=REQUIRE is defined in the MPD. You must specify a value in the MHS. 
ERROR:EDK:4125 - IPNAME: xps_central_dma, INSTANCE: xps_dma, PARAMETER: C_HIGHADDR - ASSIGNMENT=REQUIRE is defined in the MPD. You must specify a value in the MHS. 
WARNING:EDK:2137 - Peripheral xps_dma is not accessible from any processor in the system. Check Bus Interface connections and address parameters. 
plb_v46_0 has been deleted from the project
ERROR:EDK:4125 - IPNAME: xps_central_dma, INSTANCE: xps_dma, PARAMETER: C_BASEADDR - ASSIGNMENT=REQUIRE is defined in the MPD. You must specify a value in the MHS. 
ERROR:EDK:4125 - IPNAME: xps_central_dma, INSTANCE: xps_dma, PARAMETER: C_HIGHADDR - ASSIGNMENT=REQUIRE is defined in the MPD. You must specify a value in the MHS. 
WARNING:EDK:2137 - Peripheral xps_dma is not accessible from any processor in the system. Check Bus Interface connections and address parameters. 
plb_v46_1 has been deleted from the project
ERROR:EDK:4125 - IPNAME: xps_central_dma, INSTANCE: xps_dma, PARAMETER: C_BASEADDR - ASSIGNMENT=REQUIRE is defined in the MPD. You must specify a value in the MHS. 
ERROR:EDK:4125 - IPNAME: xps_central_dma, INSTANCE: xps_dma, PARAMETER: C_HIGHADDR - ASSIGNMENT=REQUIRE is defined in the MPD. You must specify a value in the MHS. 
WARNING:EDK:2137 - Peripheral xps_dma is not accessible from any processor in the system. Check Bus Interface connections and address parameters. 

********************************************************************************
At Local date and time: Thu Aug  2 11:36:01 2012
 make -f Microblaze.make clean started...
rm -f implementation/Microblaze.ngc
rm -f platgen.log
rm -f __xps/ise/_xmsgs/platgen.xmsgs
touch __xps/ise/Microblaze.xpssyn
rm -f implementation/Microblaze.bmm
rm -rf implementation/cache
rm -f implementation/Microblaze.bit
rm -f implementation/Microblaze.ncd
rm -f implementation/Microblaze_bd.bmm 
rm -f implementation/Microblaze_map.ncd 
rm -f implementation/download.bit 
rm -f __xps/Microblaze_bits
rm -rf implementation synthesis xst hdl
rm -rf xst.srp Microblaze.srp
rm -f __xps/ise/_xmsgs/bitinit.xmsgs
rm -rf SDK
rm -rf __xps/ps7_instance.mhs
rm -rf simulation/behavioral
rm -f simgen.log
rm -f __xps/ise/_xmsgs/simgen.xmsgs
touch __xps/ise/Microblaze.xpssim
rm -f _impact.cmd
Done!

********************************************************************************
At Local date and time: Thu Aug  2 11:36:16 2012
 make -f Microblaze.make clean started...
rm -f implementation/Microblaze.ngc
rm -f platgen.log
rm -f __xps/ise/_xmsgs/platgen.xmsgs
touch __xps/ise/Microblaze.xpssyn
rm -f implementation/Microblaze.bmm
rm -rf implementation/cache
rm -f implementation/Microblaze.bit
rm -f implementation/Microblaze.ncd
rm -f implementation/Microblaze_bd.bmm 
rm -f implementation/Microblaze_map.ncd 
rm -f implementation/download.bit 
rm -f __xps/Microblaze_bits
rm -rf implementation synthesis xst hdl
rm -rf xst.srp Microblaze.srp
rm -f __xps/ise/_xmsgs/bitinit.xmsgs
rm -rf SDK
rm -rf __xps/ps7_instance.mhs
rm -rf simulation/behavioral
rm -f simgen.log
rm -f __xps/ise/_xmsgs/simgen.xmsgs
touch __xps/ise/Microblaze.xpssim
rm -f _impact.cmd
Done!
Address Map for Processor microblaze_0
  (0000000000-0x0000ffff) dlmb_cntlr	dlmb
  (0000000000-0x0000ffff) ilmb_cntlr	ilmb
  (0x81800000-0x8180ffff) xps_intc_0	mb_plb
  (0x83c00000-0x83c0ffff) xps_timer_0	mb_plb
  (0x83c14000-0x83c143ff) gpio_FIFO	mb_plb
  (0x83c18000-0x83c19fff) xps_bram_if_cntlr_0	mb_plb
  (0x84400000-0x8440ffff) mdm_0	mb_plb
ERROR:EDK:4125 - IPNAME: xps_central_dma, INSTANCE: xps_dma, PARAMETER: C_BASEADDR - ASSIGNMENT=REQUIRE is defined in the MPD. You must specify a value in the MHS. 
ERROR:EDK:4125 - IPNAME: xps_central_dma, INSTANCE: xps_dma, PARAMETER: C_HIGHADDR - ASSIGNMENT=REQUIRE is defined in the MPD. You must specify a value in the MHS. 
WARNING:EDK:2137 - Peripheral xps_dma is not accessible from any processor in the system. Check Bus Interface connections and address parameters. 
Generated Addresses Successfully
ERROR:EDK:4125 - IPNAME: xps_central_dma, INSTANCE: xps_dma, PARAMETER: C_BASEADDR - ASSIGNMENT=REQUIRE is defined in the MPD. You must specify a value in the MHS. 
ERROR:EDK:4125 - IPNAME: xps_central_dma, INSTANCE: xps_dma, PARAMETER: C_HIGHADDR - ASSIGNMENT=REQUIRE is defined in the MPD. You must specify a value in the MHS. 
WARNING:EDK:2137 - Peripheral xps_dma is not accessible from any processor in the system. Check Bus Interface connections and address parameters. 
ERROR:EDK:4125 - IPNAME: xps_central_dma, INSTANCE: xps_dma, PARAMETER: C_BASEADDR - ASSIGNMENT=REQUIRE is defined in the MPD. You must specify a value in the MHS. 
ERROR:EDK:4125 - IPNAME: xps_central_dma, INSTANCE: xps_dma, PARAMETER: C_HIGHADDR - ASSIGNMENT=REQUIRE is defined in the MPD. You must specify a value in the MHS. 
WARNING:EDK:2137 - Peripheral xps_dma is not accessible from any processor in the system. Check Bus Interface connections and address parameters. 
ERROR:EDK:4125 - IPNAME: xps_central_dma, INSTANCE: xps_dma, PARAMETER: C_BASEADDR - ASSIGNMENT=REQUIRE is defined in the MPD. You must specify a value in the MHS. 
ERROR:EDK:4125 - IPNAME: xps_central_dma, INSTANCE: xps_dma, PARAMETER: C_HIGHADDR - ASSIGNMENT=REQUIRE is defined in the MPD. You must specify a value in the MHS. 
WARNING:EDK:3967 - xps_central_dma (xps_dma) - ADDRESS specified by PARAMETER C_BASEADDR is ignored - /DIST/home/peters/cam_repo/CPU_DDR_FIFO/Microblaze/Microblaze.mhs line 167 

********************************************************************************
At Local date and time: Thu Aug  2 13:12:40 2012
 make -f Microblaze.make clean started...
rm -f implementation/Microblaze.ngc
rm -f platgen.log
rm -f __xps/ise/_xmsgs/platgen.xmsgs
touch __xps/ise/Microblaze.xpssyn
rm -f implementation/Microblaze.bmm
rm -rf implementation/cache
rm -f implementation/Microblaze.bit
rm -f implementation/Microblaze.ncd
rm -f implementation/Microblaze_bd.bmm 
rm -f implementation/Microblaze_map.ncd 
rm -f implementation/download.bit 
rm -f __xps/Microblaze_bits
rm -rf implementation synthesis xst hdl
rm -rf xst.srp Microblaze.srp
rm -f __xps/ise/_xmsgs/bitinit.xmsgs
rm -rf SDK
rm -rf __xps/ps7_instance.mhs
rm -rf simulation/behavioral
rm -f simgen.log
rm -f __xps/ise/_xmsgs/simgen.xmsgs
touch __xps/ise/Microblaze.xpssim
rm -f _impact.cmd
Done!
Writing filter settings....
Done writing filter settings to:
	/DIST/home/peters/cam_repo/CPU_DDR_FIFO/Microblaze/etc/Microblaze.filters
Done writing Tab View settings to:
	/DIST/home/peters/cam_repo/CPU_DDR_FIFO/Microblaze/etc/Microblaze.gui
