Release 13.4 - platgen Xilinx EDK 13.4 Build EDK_O.87xd
 (lin64)
Copyright (c) 1995-2011 Xilinx, Inc.  All rights reserved.

Command Line: platgen -p xc5vlx110tff1136-1 -lang vhdl -intstyle ise -stubgen
/DIST/home/peters/cam_repo/CPU_DDR_FIFO/Microblaze/Microblaze.mhs 

Parse /DIST/home/peters/cam_repo/CPU_DDR_FIFO/Microblaze/Microblaze.mhs ...

Create merged mhs ...

Overriding IP level properties ...

Computing clock values...
INFO:EDK:740 - Cannot determine the input clock associated with port :
   ilmb_cntlr:BRAM_Clk_A. Clock DRCs will not be performed on this core and
   cores connected to it. 
INFO:EDK:740 - Cannot determine the input clock associated with port :
   dlmb_cntlr:BRAM_Clk_A. Clock DRCs will not be performed on this core and
   cores connected to it. 

Performing IP level DRCs on properties...

Running DRC Tcl procedures for OPTION IPLEVEL_DRC_PROC...
Address Map for Processor microblaze_0
  (0000000000-0x0000ffff) dlmb_cntlr	dlmb
  (0000000000-0x0000ffff) ilmb_cntlr	ilmb
  (0x81800000-0x8180ffff) xps_intc_0	mb_plb
  (0x83c00000-0x83c0ffff) xps_timer_0	mb_plb
  (0x83c18000-0x83c19fff) xps_bram_if_cntlr_0	mb_plb
  (0x84400000-0x8440ffff) mdm_0	mb_plb
INFO:EDK:4130 - IPNAME: plb_v46, INSTANCE:mb_plb - tool is overriding PARAMETER
   C_PLBV46_NUM_MASTERS value to 2 -
   /DIST/it/sw/amd64/xilinx/13.4/ISE_DS/EDK/hw/XilinxProcessorIPLib/pcores/plb_v
   46_v1_05_a/data/plb_v46_v2_1_0.mpd line 78 
INFO:EDK:4130 - IPNAME: plb_v46, INSTANCE:mb_plb - tool is overriding PARAMETER
   C_PLBV46_NUM_SLAVES value to 4 -
   /DIST/it/sw/amd64/xilinx/13.4/ISE_DS/EDK/hw/XilinxProcessorIPLib/pcores/plb_v
   46_v1_05_a/data/plb_v46_v2_1_0.mpd line 79 
INFO:EDK:4130 - IPNAME: plb_v46, INSTANCE:mb_plb - tool is overriding PARAMETER
   C_PLBV46_MID_WIDTH value to 1 -
   /DIST/it/sw/amd64/xilinx/13.4/ISE_DS/EDK/hw/XilinxProcessorIPLib/pcores/plb_v
   46_v1_05_a/data/plb_v46_v2_1_0.mpd line 80 
INFO:EDK:4130 - IPNAME: plb_v46, INSTANCE:mb_plb - tool is overriding PARAMETER
   C_PLBV46_DWIDTH value to 32 -
   /DIST/it/sw/amd64/xilinx/13.4/ISE_DS/EDK/hw/XilinxProcessorIPLib/pcores/plb_v
   46_v1_05_a/data/plb_v46_v2_1_0.mpd line 82 
INFO:EDK:4130 - IPNAME: lmb_v10, INSTANCE:ilmb - tool is overriding PARAMETER
   C_LMB_NUM_SLAVES value to 1 -
   /DIST/it/sw/amd64/xilinx/13.4/ISE_DS/EDK/hw/XilinxProcessorIPLib/pcores/lmb_v
   10_v2_00_b/data/lmb_v10_v2_1_0.mpd line 80 
INFO:EDK:4130 - IPNAME: lmb_v10, INSTANCE:dlmb - tool is overriding PARAMETER
   C_LMB_NUM_SLAVES value to 1 -
   /DIST/it/sw/amd64/xilinx/13.4/ISE_DS/EDK/hw/XilinxProcessorIPLib/pcores/lmb_v
   10_v2_00_b/data/lmb_v10_v2_1_0.mpd line 80 
INFO:EDK:4130 - IPNAME: bram_block, INSTANCE:lmb_bram - tool is overriding
   PARAMETER C_MEMSIZE value to 0x10000 -
   /DIST/it/sw/amd64/xilinx/13.4/ISE_DS/EDK/hw/XilinxProcessorIPLib/pcores/bram_
   block_v1_00_a/data/bram_block_v2_1_0.mpd line 76 
INFO:EDK:4130 - IPNAME: xps_timer, INSTANCE:xps_timer_0 - tool is overriding
   PARAMETER C_SPLB_MID_WIDTH value to 1 -
   /DIST/it/sw/amd64/xilinx/13.4/ISE_DS/EDK/hw/XilinxProcessorIPLib/pcores/xps_t
   imer_v1_02_a/data/xps_timer_v2_1_0.mpd line 86 
INFO:EDK:4130 - IPNAME: xps_timer, INSTANCE:xps_timer_0 - tool is overriding
   PARAMETER C_SPLB_NUM_MASTERS value to 2 -
   /DIST/it/sw/amd64/xilinx/13.4/ISE_DS/EDK/hw/XilinxProcessorIPLib/pcores/xps_t
   imer_v1_02_a/data/xps_timer_v2_1_0.mpd line 87 
INFO:EDK:4130 - IPNAME: bram_block, INSTANCE:xps_bram_if_cntlr_0_block - tool is
   overriding PARAMETER C_MEMSIZE value to 0x2000 -
   /DIST/it/sw/amd64/xilinx/13.4/ISE_DS/EDK/hw/XilinxProcessorIPLib/pcores/bram_
   block_v1_00_a/data/bram_block_v2_1_0.mpd line 76 
INFO:EDK:4130 - IPNAME: mdm, INSTANCE:mdm_0 - tool is overriding PARAMETER
   C_SPLB_MID_WIDTH value to 1 -
   /DIST/it/sw/amd64/xilinx/13.4/ISE_DS/EDK/hw/XilinxProcessorIPLib/pcores/mdm_v
   2_00_b/data/mdm_v2_1_0.mpd line 92 
INFO:EDK:4130 - IPNAME: mdm, INSTANCE:mdm_0 - tool is overriding PARAMETER
   C_SPLB_NUM_MASTERS value to 2 -
   /DIST/it/sw/amd64/xilinx/13.4/ISE_DS/EDK/hw/XilinxProcessorIPLib/pcores/mdm_v
   2_00_b/data/mdm_v2_1_0.mpd line 93 
INFO:EDK:4130 - IPNAME: xps_intc, INSTANCE:xps_intc_0 - tool is overriding
   PARAMETER C_SPLB_NUM_MASTERS value to 2 -
   /DIST/it/sw/amd64/xilinx/13.4/ISE_DS/EDK/hw/XilinxProcessorIPLib/pcores/xps_i
   ntc_v2_01_a/data/xps_intc_v2_1_0.mpd line 82 

Checking platform address map ...

Modify defaults ...

Creating stub ...
WARNING:EDK:504 - (GLOBAL) - atleast 1 toplevel output/input needs to be
   defined!

Elaborating instances ...
IPNAME:bram_block INSTANCE:lmb_bram -
/DIST/home/peters/cam_repo/CPU_DDR_FIFO/Microblaze/Microblaze.mhs line 75 -
elaborating IP
IPNAME:bram_block INSTANCE:xps_bram_if_cntlr_0_block -
/DIST/home/peters/cam_repo/CPU_DDR_FIFO/Microblaze/Microblaze.mhs line 103 -
elaborating IP

Inserting wrapper level ...

Writing (stub) BMM ...

Total run time: 4.00 seconds
