Release 13.4 Map O.87xd (lin64)
Xilinx Mapping Report File for Design 'FIFO_asynch_tl'

Design Information
------------------
Command Line   : map -intstyle ise -p xc5vlx110t-ff1136-1 -w -logic_opt off -ol
high -t 1 -register_duplication off -global_opt off -mt off -cm area -ir off -pr
off -lc off -power off -o FIFO_asynch_tl_map.ncd FIFO_asynch_tl.ngd
FIFO_asynch_tl.pcf 
Target Device  : xc5vlx110t
Target Package : ff1136
Target Speed   : -1
Mapper Version : virtex5 -- $Revision: 1.55 $
Mapped Date    : Sun Aug  5 19:37:27 2012

Design Summary
--------------
Number of errors:      0
Number of warnings:    2
Slice Logic Utilization:
  Number of Slice Registers:                    89 out of  69,120    1%
    Number used as Flip Flops:                  89
  Number of Slice LUTs:                         55 out of  69,120    1%
    Number used as logic:                       55 out of  69,120    1%
      Number using O6 output only:              55

Slice Logic Distribution:
  Number of occupied Slices:                    46 out of  17,280    1%
  Number of LUT Flip Flop pairs used:          106
    Number with an unused Flip Flop:            17 out of     106   16%
    Number with an unused LUT:                  51 out of     106   48%
    Number of fully used LUT-FF pairs:          38 out of     106   35%
    Number of unique control sets:              16
    Number of slice register sites lost
      to control set restrictions:              23 out of  69,120    1%

  A LUT Flip Flop pair for this architecture represents one LUT paired with
  one Flip Flop within a slice.  A control set is a unique combination of
  clock, reset, set, and enable signals for a registered element.
  The Slice Logic Distribution report is not meaningful if the design is
  over-mapped for a non-slice resource or if Placement fails.
  OVERMAPPING of BRAM resources should be ignored if the design is
  over-mapped for a non-BRAM resource or if placement fails.

IO Utilization:
  Number of bonded IOBs:                        49 out of     640    7%
    Number of LOCed IOBs:                       23 out of      49   46%

Specific Feature Utilization:
  Number of BlockRAM/FIFO:                       1 out of     148    1%
    Number using BlockRAM only:                  1
    Total primitives used:
      Number of 18k BlockRAM used:               1
    Total Memory used (KB):                     18 out of   5,328    1%
  Number of BUFG/BUFGCTRLs:                      2 out of      32    6%
    Number used as BUFGs:                        2

Average Fanout of Non-Clock Nets:                2.78

Peak Memory Usage:  936 MB
Total REAL time to MAP completion:  26 secs 
Total CPU time to MAP completion:   23 secs 

Table of Contents
-----------------
Section 1 - Errors
Section 2 - Warnings
Section 3 - Informational
Section 4 - Removed Logic Summary
Section 5 - Removed Logic
Section 6 - IOB Properties
Section 7 - RPMs
Section 8 - Guide Report
Section 9 - Area Group and Partition Summary
Section 10 - Timing Report
Section 11 - Configuration String Information
Section 12 - Control Set Information
Section 13 - Utilization by Hierarchy

Section 1 - Errors
------------------

Section 2 - Warnings
--------------------
WARNING:Place:837 - Partially locked IO Bus is found. 
    Following components of the bus are not locked: 
   	 Comp: dout_o<15>
   	 Comp: dout_o<14>
   	 Comp: dout_o<13>
   	 Comp: dout_o<12>
   	 Comp: dout_o<11>
   	 Comp: dout_o<10>
   	 Comp: dout_o<9>
   	 Comp: dout_o<8>

WARNING:Place:837 - Partially locked IO Bus is found. 
    Following components of the bus are not locked: 
   	 Comp: din_i<15>
   	 Comp: din_i<14>
   	 Comp: din_i<13>
   	 Comp: din_i<12>
   	 Comp: din_i<11>
   	 Comp: din_i<10>
   	 Comp: din_i<9>
   	 Comp: din_i<8>


Section 3 - Informational
-------------------------
INFO:MapLib:562 - No environment variables are currently set.
INFO:LIT:244 - All of the single ended outputs in this design are using slew
   rate limited output drivers. The delay on speed critical single ended outputs
   can be dramatically reduced by designating them as fast outputs.
INFO:Pack:1716 - Initializing temperature to 85.000 Celsius. (default - Range:
   0.000 to 85.000 Celsius)
INFO:Pack:1720 - Initializing voltage to 0.950 Volts. (default - Range: 0.950 to
   1.050 Volts)
INFO:Map:215 - The Interim Design Summary has been generated in the MAP Report
   (.mrp).
INFO:Place:834 - Only a subset of IOs are locked. Out of 49 IOs, 23 are locked
   and 26 are not locked. If you would like to print the names of these IOs,
   please set the environment variable XIL_PAR_DESIGN_CHECK_VERBOSE to 1. 
INFO:Pack:1650 - Map created a placed design.

Section 4 - Removed Logic Summary
---------------------------------
   1 block(s) optimized away

Section 5 - Removed Logic
-------------------------

Optimized Block(s):
TYPE 		BLOCK
GND 		fifo_asynch/XST_GND

Section 6 - IOB Properties
--------------------------

+---------------------------------------------------------------------------------------------------------------------------------------------------------+
| IOB Name                           | Type             | Direction | IO Standard          | Diff  | Drive    | Slew | Reg (s)      | Resistor | IOB      |
|                                    |                  |           |                      | Term  | Strength | Rate |              |          | Delay    |
+---------------------------------------------------------------------------------------------------------------------------------------------------------+
| almost_full_o                      | IOB              | OUTPUT    | LVCMOS25             |       | 12       | SLOW |              |          |          |
| din_i<0>                           | IOB              | INPUT     | LVCMOS25             |       |          |      |              |          |          |
| din_i<1>                           | IOB              | INPUT     | LVCMOS25             |       |          |      |              |          |          |
| din_i<2>                           | IOB              | INPUT     | LVCMOS25             |       |          |      |              |          |          |
| din_i<3>                           | IOB              | INPUT     | LVCMOS25             |       |          |      |              |          |          |
| din_i<4>                           | IOB              | INPUT     | LVCMOS25             |       |          |      |              |          |          |
| din_i<5>                           | IOB              | INPUT     | LVCMOS25             |       |          |      |              |          |          |
| din_i<6>                           | IOB              | INPUT     | LVCMOS25             |       |          |      |              |          |          |
| din_i<7>                           | IOB              | INPUT     | LVCMOS25             |       |          |      |              |          |          |
| din_i<8>                           | IOB              | INPUT     | LVCMOS25             |       |          |      |              |          |          |
| din_i<9>                           | IOB              | INPUT     | LVCMOS25             |       |          |      |              |          |          |
| din_i<10>                          | IOB              | INPUT     | LVCMOS25             |       |          |      |              |          |          |
| din_i<11>                          | IOB              | INPUT     | LVCMOS25             |       |          |      |              |          |          |
| din_i<12>                          | IOB              | INPUT     | LVCMOS25             |       |          |      |              |          |          |
| din_i<13>                          | IOB              | INPUT     | LVCMOS25             |       |          |      |              |          |          |
| din_i<14>                          | IOB              | INPUT     | LVCMOS25             |       |          |      |              |          |          |
| din_i<15>                          | IOB              | INPUT     | LVCMOS25             |       |          |      |              |          |          |
| dout_o<0>                          | IOB              | OUTPUT    | LVCMOS25             |       | 12       | SLOW |              |          |          |
| dout_o<1>                          | IOB              | OUTPUT    | LVCMOS25             |       | 12       | SLOW |              |          |          |
| dout_o<2>                          | IOB              | OUTPUT    | LVCMOS25             |       | 12       | SLOW |              |          |          |
| dout_o<3>                          | IOB              | OUTPUT    | LVCMOS25             |       | 12       | SLOW |              |          |          |
| dout_o<4>                          | IOB              | OUTPUT    | LVCMOS25             |       | 12       | SLOW |              |          |          |
| dout_o<5>                          | IOB              | OUTPUT    | LVCMOS25             |       | 12       | SLOW |              |          |          |
| dout_o<6>                          | IOB              | OUTPUT    | LVCMOS25             |       | 12       | SLOW |              |          |          |
| dout_o<7>                          | IOB              | OUTPUT    | LVCMOS25             |       | 12       | SLOW |              |          |          |
| dout_o<8>                          | IOB              | OUTPUT    | LVCMOS25             |       | 12       | SLOW |              |          |          |
| dout_o<9>                          | IOB              | OUTPUT    | LVCMOS25             |       | 12       | SLOW |              |          |          |
| dout_o<10>                         | IOB              | OUTPUT    | LVCMOS25             |       | 12       | SLOW |              |          |          |
| dout_o<11>                         | IOB              | OUTPUT    | LVCMOS25             |       | 12       | SLOW |              |          |          |
| dout_o<12>                         | IOB              | OUTPUT    | LVCMOS25             |       | 12       | SLOW |              |          |          |
| dout_o<13>                         | IOB              | OUTPUT    | LVCMOS25             |       | 12       | SLOW |              |          |          |
| dout_o<14>                         | IOB              | OUTPUT    | LVCMOS25             |       | 12       | SLOW |              |          |          |
| dout_o<15>                         | IOB              | OUTPUT    | LVCMOS25             |       | 12       | SLOW |              |          |          |
| empty_o                            | IOB              | OUTPUT    | LVCMOS25             |       | 12       | SLOW |              |          |          |
| full_o                             | IOB              | OUTPUT    | LVCMOS25             |       | 12       | SLOW |              |          |          |
| rd_clk_i                           | IOB              | INPUT     | LVCMOS25             |       |          |      |              |          |          |
| rd_data_count_o<0>                 | IOB              | OUTPUT    | LVCMOS25             |       | 12       | SLOW |              |          |          |
| rd_data_count_o<1>                 | IOB              | OUTPUT    | LVCMOS25             |       | 12       | SLOW |              |          |          |
| rd_data_count_o<2>                 | IOB              | OUTPUT    | LVCMOS25             |       | 12       | SLOW |              |          |          |
| rd_data_count_o<3>                 | IOB              | OUTPUT    | LVCMOS25             |       | 12       | SLOW |              |          |          |
| rd_en_i                            | IOB              | INPUT     | LVCMOS25             |       |          |      |              |          |          |
| rst_i                              | IOB              | INPUT     | LVCMOS25             |       |          |      |              |          |          |
| valid_o                            | IOB              | OUTPUT    | LVCMOS25             |       | 12       | SLOW |              |          |          |
| wr_clk_i                           | IOB              | INPUT     | LVCMOS25             |       |          |      |              |          |          |
| wr_data_count_o<0>                 | IOB              | OUTPUT    | LVCMOS25             |       | 12       | SLOW |              |          |          |
| wr_data_count_o<1>                 | IOB              | OUTPUT    | LVCMOS25             |       | 12       | SLOW |              |          |          |
| wr_data_count_o<2>                 | IOB              | OUTPUT    | LVCMOS25             |       | 12       | SLOW |              |          |          |
| wr_data_count_o<3>                 | IOB              | OUTPUT    | LVCMOS25             |       | 12       | SLOW |              |          |          |
| wr_en_i                            | IOB              | INPUT     | LVCMOS25             |       |          |      |              |          |          |
+---------------------------------------------------------------------------------------------------------------------------------------------------------+

Section 7 - RPMs
----------------

Section 8 - Guide Report
------------------------
Guide not run on this design.

Section 9 - Area Group and Partition Summary
--------------------------------------------

Partition Implementation Status
-------------------------------

  No Partitions were found in this design.

-------------------------------

Area Group Information
----------------------

  No area groups were found in this design.

----------------------

Section 10 - Timing Report
--------------------------
A logic-level (pre-route) timing report can be generated by using Xilinx static
timing analysis tools, Timing Analyzer (GUI) or TRCE (command line), with the
mapped NCD and PCF files. Please note that this timing report will be generated
using estimated delay information. For accurate numbers, please generate a
timing report with the post Place and Route NCD file.

For more information about the Timing Analyzer, consult the Xilinx Timing
Analyzer Reference Manual; for more information about TRCE, consult the Xilinx
Command Line Tools User Guide "TRACE" chapter.

Section 11 - Configuration String Details
-----------------------------------------
Use the "-detail" map option to print out Configuration Strings

Section 12 - Control Set Information
------------------------------------
Use the "-detail" map option to print out Control Set Information.

Section 13 - Utilization by Hierarchy
-------------------------------------
Use the "-detail" map option to print out the Utilization by Hierarchy section.
